<?xml version="1.0" encoding="UTF-8"?>
<!-- Generated by org.testng.reporters.JUnitXMLReporter -->
<testsuite ignored="0" hostname="DESKTOP-7FEKK0Q" failures="0" tests="13" name="Default test" time="18.445" errors="0" timestamp="2022-01-29T14:58:35 EET">
  <testcase classname="tests.EditProfileTest" name="openprofilePage" time="1.17"/>
  <testcase classname="tests.EditProfileTest" name="editProfile" time="1.511"/>
  <testcase classname="tests.EditProfileTest" name="threeLetterFirstName" time="1.523"/>
  <testcase classname="tests.EditProfileTest" name="threeLetterLasttName" time="1.425"/>
  <testcase classname="tests.EditProfileTest" name="birthDayFuture" time="1.433"/>
  <testcase classname="tests.EditProfileTest" name="longFirstName" time="1.448"/>
  <testcase classname="tests.EditProfileTest" name="changeProfession" time="1.251"/>
  <testcase classname="tests.EditProfileTest" name="uploadPhoto" time="1.337"/>
  <testcase classname="tests.EditProfileTest" name="invalidAveilability" time="1.187"/>
  <testcase classname="tests.EditProfileTest" name="uploadPrivatePhoto" time="0.961"/>
  <testcase classname="tests.EditProfileTest" name="updateServices" time="1.297"/>
  <testcase classname="tests.EditProfileTest" name="uploadImgMoreThanOneMb" time="0.946"/>
  <testcase classname="tests.EditProfileTest" name="nonLeapYear" time="1.41"/>
</testsuite> <!-- Default test -->
