<?xml version="1.0" encoding="UTF-8"?>
<!-- Generated by org.testng.reporters.JUnitXMLReporter -->
<testsuite ignored="0" hostname="DESKTOP-7FEKK0Q" failures="0" tests="3" name="ConnectionsTest" time="1.907" errors="0" timestamp="2021-12-17T16:20:52 EET">
  <testcase classname="tests.Base" name="@BeforeTest openBrowser" time="1.879">
    <failure type="java.lang.InterruptedException" message="Browser is not correct">
      <![CDATA[java.lang.InterruptedException: Browser is not correct
at tests.Base.openBrowser(Base.java:57)
... Removed 24 stack frames]]>
    </failure>
  </testcase> <!-- @BeforeTest openBrowser -->
  <testcase classname="tests.Base" name="@AfterTest closeBrowser" time="-1.63975085289E9">
    <skipped/>
  </testcase> <!-- @AfterTest closeBrowser -->
  <testcase classname="tests.ConnectionsTest" name="openProfilePage" time="0.0">
    <skipped/>
  </testcase> <!-- openProfilePage -->
  <testcase classname="tests.ConnectionsTest" name="addFriend" time="0.0">
    <skipped/>
  </testcase> <!-- addFriend -->
  <testcase classname="tests.ConnectionsTest" name="removeFriend" time="0.0">
    <skipped/>
  </testcase> <!-- removeFriend -->
</testsuite> <!-- ConnectionsTest -->
