<?xml version="1.0" encoding="UTF-8"?>
<!-- Generated by org.testng.reporters.JUnitXMLReporter -->
<testsuite ignored="0" hostname="DESKTOP-7FEKK0Q" failures="0" tests="14" name="EditProfileTest1" time="17.273" errors="0" timestamp="2021-12-17T15:28:30 EET">
  <testcase classname="tests.EditProfileTest" name="openProfilePage" time="3.129"/>
  <testcase classname="tests.EditProfileTest" name="assertPageNavigated" time="0.038"/>
  <testcase classname="tests.EditProfileTest" name="editProfile" time="1.024"/>
  <testcase classname="tests.EditProfileTest" name="threeLetterFirstName" time="0.992"/>
  <testcase classname="tests.EditProfileTest" name="threeLetterLasttName" time="1.037"/>
  <testcase classname="tests.EditProfileTest" name="birthDayFuture" time="1.061"/>
  <testcase classname="tests.EditProfileTest" name="nonLeapYear" time="1.023"/>
  <testcase classname="tests.EditProfileTest" name="longFirstName" time="1.002"/>
  <testcase classname="tests.EditProfileTest" name="changeProfession" time="0.592"/>
  <testcase classname="tests.EditProfileTest" name="uploadPhoto" time="1.163"/>
  <testcase classname="tests.EditProfileTest" name="invalidAveilability" time="1.177"/>
  <testcase classname="tests.EditProfileTest" name="uploadPrivatePhoto" time="0.772"/>
  <testcase classname="tests.EditProfileTest" name="updateServices" time="1.626"/>
  <testcase classname="tests.EditProfileTest" name="uploadImgMoreThanOneMb" time="0.612"/>
</testsuite> <!-- EditProfileTest1 -->
