<?xml version="1.0" encoding="UTF-8"?>
<!-- Generated by org.testng.reporters.JUnitXMLReporter -->
<testsuite ignored="0" hostname="DESKTOP-7FEKK0Q" failures="0" tests="14" name="EditProfileTest" time="2.547" errors="0" timestamp="2021-12-17T16:20:57 EET">
  <testcase classname="tests.Base" name="@BeforeTest openBrowser" time="2.487">
    <failure type="java.lang.InterruptedException" message="Browser is not correct">
      <![CDATA[java.lang.InterruptedException: Browser is not correct
at tests.Base.openBrowser(Base.java:57)
... Removed 24 stack frames]]>
    </failure>
  </testcase> <!-- @BeforeTest openBrowser -->
  <testcase classname="tests.Base" name="@AfterTest closeBrowser" time="-1.639750857529E9">
    <skipped/>
  </testcase> <!-- @AfterTest closeBrowser -->
  <testcase classname="tests.EditProfileTest" name="openProfilePage" time="0.0">
    <skipped/>
  </testcase> <!-- openProfilePage -->
  <testcase classname="tests.EditProfileTest" name="assertPageNavigated" time="0.0">
    <skipped/>
  </testcase> <!-- assertPageNavigated -->
  <testcase classname="tests.EditProfileTest" name="editProfile" time="0.0">
    <skipped/>
  </testcase> <!-- editProfile -->
  <testcase classname="tests.EditProfileTest" name="threeLetterFirstName" time="0.0">
    <skipped/>
  </testcase> <!-- threeLetterFirstName -->
  <testcase classname="tests.EditProfileTest" name="threeLetterLasttName" time="0.0">
    <skipped/>
  </testcase> <!-- threeLetterLasttName -->
  <testcase classname="tests.EditProfileTest" name="birthDayFuture" time="0.0">
    <skipped/>
  </testcase> <!-- birthDayFuture -->
  <testcase classname="tests.EditProfileTest" name="nonLeapYear" time="0.0">
    <skipped/>
  </testcase> <!-- nonLeapYear -->
  <testcase classname="tests.EditProfileTest" name="longFirstName" time="0.0">
    <skipped/>
  </testcase> <!-- longFirstName -->
  <testcase classname="tests.EditProfileTest" name="changeProfession" time="0.0">
    <skipped/>
  </testcase> <!-- changeProfession -->
  <testcase classname="tests.EditProfileTest" name="uploadPhoto" time="0.0">
    <skipped/>
  </testcase> <!-- uploadPhoto -->
  <testcase classname="tests.EditProfileTest" name="invalidAveilability" time="0.0">
    <skipped/>
  </testcase> <!-- invalidAveilability -->
  <testcase classname="tests.EditProfileTest" name="uploadPrivatePhoto" time="0.0">
    <skipped/>
  </testcase> <!-- uploadPrivatePhoto -->
  <testcase classname="tests.EditProfileTest" name="updateServices" time="0.0">
    <skipped/>
  </testcase> <!-- updateServices -->
  <testcase classname="tests.EditProfileTest" name="uploadImgMoreThanOneMb" time="0.0">
    <skipped/>
  </testcase> <!-- uploadImgMoreThanOneMb -->
</testsuite> <!-- EditProfileTest -->
