<?xml version="1.0" encoding="UTF-8"?>
<!-- Generated by org.testng.reporters.JUnitXMLReporter -->
<testsuite ignored="0" hostname="DESKTOP-7FEKK0Q" failures="0" tests="5" name="PostsTest" time="2.923" errors="0" timestamp="2021-12-17T16:21:00 EET">
  <testcase classname="tests.Base" name="@BeforeTest openBrowser" time="2.905">
    <failure type="java.lang.InterruptedException" message="Browser is not correct">
      <![CDATA[java.lang.InterruptedException: Browser is not correct
at tests.Base.openBrowser(Base.java:57)
... Removed 24 stack frames]]>
    </failure>
  </testcase> <!-- @BeforeTest openBrowser -->
  <testcase classname="tests.Base" name="@AfterTest closeBrowser" time="-1.639750860507E9">
    <skipped/>
  </testcase> <!-- @AfterTest closeBrowser -->
  <testcase classname="tests.PostsTest" name="openProfilePage" time="0.0">
    <skipped/>
  </testcase> <!-- openProfilePage -->
  <testcase classname="tests.PostsTest" name="viewPost" time="0.0">
    <skipped/>
  </testcase> <!-- viewPost -->
  <testcase classname="tests.PostsTest" name="addPost" time="0.0">
    <skipped/>
  </testcase> <!-- addPost -->
  <testcase classname="tests.PostsTest" name="editPost" time="0.0">
    <skipped/>
  </testcase> <!-- editPost -->
  <testcase classname="tests.PostsTest" name="deletePost" time="0.0">
    <skipped/>
  </testcase> <!-- deletePost -->
</testsuite> <!-- PostsTest -->
