<?xml version="1.0" encoding="UTF-8"?>
<!-- Generated by org.testng.reporters.JUnitXMLReporter -->
<testsuite ignored="0" hostname="DESKTOP-7FEKK0Q" failures="0" tests="7" name="RegistrationErrorsTest" time="2.673" errors="0" timestamp="2021-12-17T16:20:50 EET">
  <testcase classname="tests.Base" name="@BeforeTest openBrowser" time="2.549">
    <failure type="java.lang.InterruptedException" message="Browser is not correct">
      <![CDATA[java.lang.InterruptedException: Browser is not correct
at tests.Base.openBrowser(Base.java:57)
... Removed 24 stack frames]]>
    </failure>
  </testcase> <!-- @BeforeTest openBrowser -->
  <testcase classname="tests.RegistrationErrorsTest" name="@AfterMethod clearFields" time="-1.639750850823E9">
    <skipped/>
  </testcase> <!-- @AfterMethod clearFields -->
  <testcase classname="tests.RegistrationErrorsTest" name="@AfterMethod clearFields" time="-1.639750850832E9">
    <skipped/>
  </testcase> <!-- @AfterMethod clearFields -->
  <testcase classname="tests.RegistrationErrorsTest" name="@AfterMethod clearFields" time="-1.639750850847E9">
    <skipped/>
  </testcase> <!-- @AfterMethod clearFields -->
  <testcase classname="tests.RegistrationErrorsTest" name="@AfterMethod clearFields" time="-1.639750850854E9">
    <skipped/>
  </testcase> <!-- @AfterMethod clearFields -->
  <testcase classname="tests.RegistrationErrorsTest" name="@AfterMethod clearFields" time="-1.639750850872E9">
    <skipped/>
  </testcase> <!-- @AfterMethod clearFields -->
  <testcase classname="tests.RegistrationErrorsTest" name="@AfterMethod clearFields" time="-1.639750850878E9">
    <skipped/>
  </testcase> <!-- @AfterMethod clearFields -->
  <testcase classname="tests.RegistrationErrorsTest" name="@AfterMethod clearFields" time="-1.639750850886E9">
    <skipped/>
  </testcase> <!-- @AfterMethod clearFields -->
  <testcase classname="tests.Base" name="@AfterTest closeBrowser" time="-1.639750850889E9">
    <skipped/>
  </testcase> <!-- @AfterTest closeBrowser -->
  <testcase classname="tests.RegistrationErrorsTest" name="openRegPage" time="0.0">
    <skipped/>
  </testcase> <!-- openRegPage -->
  <testcase classname="tests.RegistrationErrorsTest" name="assertPageNavigated" time="0.0">
    <skipped/>
  </testcase> <!-- assertPageNavigated -->
  <testcase classname="tests.RegistrationErrorsTest" name="userAlreadyExists" time="0.0">
    <skipped/>
  </testcase> <!-- userAlreadyExists -->
  <testcase classname="tests.RegistrationErrorsTest" name="notMatchingPass" time="0.0">
    <skipped/>
  </testcase> <!-- notMatchingPass -->
  <testcase classname="tests.RegistrationErrorsTest" name="shortPass" time="0.0">
    <skipped/>
  </testcase> <!-- shortPass -->
  <testcase classname="tests.RegistrationErrorsTest" name="invalidEmail" time="0.0">
    <skipped/>
  </testcase> <!-- invalidEmail -->
  <testcase classname="tests.RegistrationErrorsTest" name="aler" time="0.0">
    <skipped/>
  </testcase> <!-- aler -->
</testsuite> <!-- RegistrationErrorsTest -->
