<?xml version="1.0" encoding="UTF-8"?>
<!-- Generated by org.testng.reporters.JUnitXMLReporter -->
<testsuite ignored="0" hostname="DESKTOP-7FEKK0Q" failures="0" tests="7" name="SearchTest" time="3.394" errors="0" timestamp="2021-12-17T15:40:23 EET">
  <testcase classname="tests.Base" name="@BeforeTest openBrowser" time="3.366">
    <failure type="java.lang.InterruptedException" message="Browser is not correct">
      <![CDATA[java.lang.InterruptedException: Browser is not correct
at tests.Base.openBrowser(Base.java:57)
... Removed 24 stack frames]]>
    </failure>
  </testcase> <!-- @BeforeTest openBrowser -->
  <testcase classname="tests.Base" name="@AfterTest closeBrowser" time="-1.639748423965E9">
    <skipped/>
  </testcase> <!-- @AfterTest closeBrowser -->
  <testcase classname="tests.SearchTest" name="openProfilePage" time="0.0">
    <skipped/>
  </testcase> <!-- openProfilePage -->
  <testcase classname="tests.SearchTest" name="searchUser" time="0.0">
    <skipped/>
  </testcase> <!-- searchUser -->
  <testcase classname="tests.SearchTest" name="searchUserByPartialName" time="0.0">
    <skipped/>
  </testcase> <!-- searchUserByPartialName -->
  <testcase classname="tests.SearchTest" name="searchByProfesion" time="0.0">
    <skipped/>
  </testcase> <!-- searchByProfesion -->
  <testcase classname="tests.SearchTest" name="searchAllUsers" time="0.0">
    <skipped/>
  </testcase> <!-- searchAllUsers -->
  <testcase classname="tests.SearchTest" name="searchNonExistingUser" time="0.0">
    <skipped/>
  </testcase> <!-- searchNonExistingUser -->
  <testcase classname="tests.SearchTest" name="nonExistingProfesion" time="0.0">
    <skipped/>
  </testcase> <!-- nonExistingProfesion -->
</testsuite> <!-- SearchTest -->
