<?xml version="1.0" encoding="UTF-8"?>
<!-- Generated by org.testng.reporters.JUnitXMLReporter -->
<testsuite ignored="0" hostname="DESKTOP-7FEKK0Q" failures="1" tests="7" name="SearchTest1" time="9.235" errors="0" timestamp="2021-12-17T15:28:55 EET">
  <testcase classname="tests.SearchTest" name="openProfilePage" time="1.35"/>
  <testcase classname="tests.SearchTest" name="searchUser" time="0.591"/>
  <testcase classname="tests.SearchTest" name="searchUserByPartialName" time="1.195"/>
  <testcase classname="tests.SearchTest" name="searchByProfesion" time="1.134"/>
  <testcase classname="tests.SearchTest" name="searchAllUsers" time="1.139"/>
  <testcase classname="tests.SearchTest" name="searchNonExistingUser" time="1.292"/>
  <testcase classname="tests.SearchTest" name="nonExistingProfesion" time="0.551">
    <failure type="java.lang.AssertionError" message="expected [There are no users existing in this search criteria.] but found []">
      <![CDATA[java.lang.AssertionError: expected [There are no users existing in this search criteria.] but found []
at tests.SearchTest.nonExistingProfesion(SearchTest.java:103)
at java.base/java.util.ArrayList.forEach(ArrayList.java:1511)
... Removed 33 stack frames]]>
    </failure>
  </testcase> <!-- nonExistingProfesion -->
</testsuite> <!-- SearchTest1 -->
