<?xml version="1.0" encoding="UTF-8"?>
<!-- Generated by org.testng.reporters.JUnitXMLReporter -->
<testsuite ignored="0" hostname="DESKTOP-7FEKK0Q" failures="0" tests="3" name="SignInTest1" time="4.164" errors="0" timestamp="2021-12-17T15:28:46 EET">
  <testcase classname="tests.SignInTest" name="openRegPage" time="0.852"/>
  <testcase classname="tests.SignInTest" name="assertPageNavigated" time="0.034"/>
  <testcase classname="tests.SignInTest" name="SignIn" time="1.247"/>
</testsuite> <!-- SignInTest1 -->
