<?xml version="1.0" encoding="UTF-8"?>
<!-- Generated by org.testng.reporters.JUnitXMLReporter -->
<testsuite ignored="0" hostname="DESKTOP-7FEKK0Q" failures="0" tests="3" name="SignInTest" time="2.919" errors="0" timestamp="2021-12-17T16:21:03 EET">
  <testcase classname="tests.Base" name="@BeforeTest openBrowser" time="2.908">
    <failure type="java.lang.InterruptedException" message="Browser is not correct">
      <![CDATA[java.lang.InterruptedException: Browser is not correct
at tests.Base.openBrowser(Base.java:57)
... Removed 24 stack frames]]>
    </failure>
  </testcase> <!-- @BeforeTest openBrowser -->
  <testcase classname="tests.Base" name="@AfterTest closeBrowser" time="-1.639750863442E9">
    <skipped/>
  </testcase> <!-- @AfterTest closeBrowser -->
  <testcase classname="tests.SignInTest" name="openRegPage" time="0.0">
    <skipped/>
  </testcase> <!-- openRegPage -->
  <testcase classname="tests.SignInTest" name="assertPageNavigated" time="0.0">
    <skipped/>
  </testcase> <!-- assertPageNavigated -->
  <testcase classname="tests.SignInTest" name="SignIn" time="0.0">
    <skipped/>
  </testcase> <!-- SignIn -->
</testsuite> <!-- SignInTest -->
