<?xml version="1.0" encoding="UTF-8"?>
<!-- Generated by org.testng.reporters.JUnitXMLReporter -->
<testsuite ignored="0" hostname="DESKTOP-7FEKK0Q" failures="0" tests="39" name="Test" time="0.111" errors="0" timestamp="2022-01-24T17:07:16 EET">
  <testcase classname="extentReport.ExtentReport" name="@BeforeTest startReport" time="-1.643036836712E9">
    <failure type="org.testng.TestNGException" message="
Parameter &amp;apos;OS&amp;apos; is required by BeforeTest on method startReport but has not been marked @Optional or defined
in C:\Users\SnuSnu\Desktop\WeAre\testng12.xml">
      <![CDATA[org.testng.TestNGException: 
Parameter 'OS' is required by BeforeTest on method startReport but has not been marked @Optional or defined
in C:\Users\SnuSnu\Desktop\WeAre\testng12.xml
... Removed 21 stack frames]]>
    </failure>
  </testcase> <!-- @BeforeTest startReport -->
  <testcase classname="tests.Base" name="@BeforeMethod openBrowser" time="-1.643036836734E9">
    <skipped/>
  </testcase> <!-- @BeforeMethod openBrowser -->
  <testcase classname="tests.Base" name="@AfterMethod tearDown" time="-1.643036836738E9">
    <skipped/>
  </testcase> <!-- @AfterMethod tearDown -->
  <testcase classname="tests.Base" name="@BeforeMethod openBrowser" time="-1.643036836745E9">
    <skipped/>
  </testcase> <!-- @BeforeMethod openBrowser -->
  <testcase classname="tests.Base" name="@AfterMethod tearDown" time="-1.643036836748E9">
    <skipped/>
  </testcase> <!-- @AfterMethod tearDown -->
  <testcase classname="tests.Base" name="@BeforeMethod openBrowser" time="-1.643036836749E9">
    <skipped/>
  </testcase> <!-- @BeforeMethod openBrowser -->
  <testcase classname="tests.Base" name="@AfterMethod tearDown" time="-1.64303683675E9">
    <skipped/>
  </testcase> <!-- @AfterMethod tearDown -->
  <testcase classname="tests.Base" name="@BeforeMethod openBrowser" time="-1.643036836751E9">
    <skipped/>
  </testcase> <!-- @BeforeMethod openBrowser -->
  <testcase classname="tests.Base" name="@AfterMethod tearDown" time="-1.643036836753E9">
    <skipped/>
  </testcase> <!-- @AfterMethod tearDown -->
  <testcase classname="tests.Base" name="@BeforeMethod openBrowser" time="-1.643036836754E9">
    <skipped/>
  </testcase> <!-- @BeforeMethod openBrowser -->
  <testcase classname="tests.Base" name="@AfterMethod tearDown" time="-1.643036836755E9">
    <skipped/>
  </testcase> <!-- @AfterMethod tearDown -->
  <testcase classname="tests.Base" name="@BeforeMethod openBrowser" time="-1.643036836756E9">
    <skipped/>
  </testcase> <!-- @BeforeMethod openBrowser -->
  <testcase classname="tests.Base" name="@AfterMethod tearDown" time="-1.643036836759E9">
    <skipped/>
  </testcase> <!-- @AfterMethod tearDown -->
  <testcase classname="tests.Base" name="@BeforeMethod openBrowser" time="-1.64303683676E9">
    <skipped/>
  </testcase> <!-- @BeforeMethod openBrowser -->
  <testcase classname="tests.Base" name="@AfterMethod tearDown" time="-1.643036836762E9">
    <skipped/>
  </testcase> <!-- @AfterMethod tearDown -->
  <testcase classname="tests.Base" name="@BeforeMethod openBrowser" time="-1.643036836762E9">
    <skipped/>
  </testcase> <!-- @BeforeMethod openBrowser -->
  <testcase classname="tests.Base" name="@AfterMethod tearDown" time="-1.643036836764E9">
    <skipped/>
  </testcase> <!-- @AfterMethod tearDown -->
  <testcase classname="tests.Base" name="@BeforeMethod openBrowser" time="-1.643036836765E9">
    <skipped/>
  </testcase> <!-- @BeforeMethod openBrowser -->
  <testcase classname="tests.Base" name="@AfterMethod tearDown" time="-1.643036836766E9">
    <skipped/>
  </testcase> <!-- @AfterMethod tearDown -->
  <testcase classname="tests.Base" name="@BeforeMethod openBrowser" time="-1.643036836767E9">
    <skipped/>
  </testcase> <!-- @BeforeMethod openBrowser -->
  <testcase classname="tests.Base" name="@AfterMethod tearDown" time="-1.643036836769E9">
    <skipped/>
  </testcase> <!-- @AfterMethod tearDown -->
  <testcase classname="tests.Base" name="@BeforeMethod openBrowser" time="-1.643036836769E9">
    <skipped/>
  </testcase> <!-- @BeforeMethod openBrowser -->
  <testcase classname="tests.Base" name="@AfterMethod tearDown" time="-1.643036836771E9">
    <skipped/>
  </testcase> <!-- @AfterMethod tearDown -->
  <testcase classname="tests.Base" name="@BeforeMethod openBrowser" time="-1.643036836772E9">
    <skipped/>
  </testcase> <!-- @BeforeMethod openBrowser -->
  <testcase classname="tests.Base" name="@AfterMethod tearDown" time="-1.643036836774E9">
    <skipped/>
  </testcase> <!-- @AfterMethod tearDown -->
  <testcase classname="tests.Base" name="@BeforeMethod openBrowser" time="-1.643036836774E9">
    <skipped/>
  </testcase> <!-- @BeforeMethod openBrowser -->
  <testcase classname="tests.Base" name="@AfterMethod tearDown" time="-1.643036836776E9">
    <skipped/>
  </testcase> <!-- @AfterMethod tearDown -->
  <testcase classname="tests.Base" name="@BeforeMethod openBrowser" time="-1.643036836777E9">
    <skipped/>
  </testcase> <!-- @BeforeMethod openBrowser -->
  <testcase classname="tests.Base" name="@AfterMethod tearDown" time="-1.643036836778E9">
    <skipped/>
  </testcase> <!-- @AfterMethod tearDown -->
  <testcase classname="tests.Base" name="@BeforeMethod openBrowser" time="-1.643036836779E9">
    <skipped/>
  </testcase> <!-- @BeforeMethod openBrowser -->
  <testcase classname="tests.Base" name="@AfterMethod tearDown" time="-1.64303683678E9">
    <skipped/>
  </testcase> <!-- @AfterMethod tearDown -->
  <testcase classname="tests.Base" name="@BeforeMethod openBrowser" time="-1.643036836781E9">
    <skipped/>
  </testcase> <!-- @BeforeMethod openBrowser -->
  <testcase classname="tests.Base" name="@AfterMethod tearDown" time="-1.643036836782E9">
    <skipped/>
  </testcase> <!-- @AfterMethod tearDown -->
  <testcase classname="tests.Base" name="@BeforeMethod openBrowser" time="-1.643036836783E9">
    <skipped/>
  </testcase> <!-- @BeforeMethod openBrowser -->
  <testcase classname="tests.Base" name="@AfterMethod tearDown" time="-1.643036836785E9">
    <skipped/>
  </testcase> <!-- @AfterMethod tearDown -->
  <testcase classname="tests.Base" name="@BeforeMethod openBrowser" time="-1.643036836785E9">
    <skipped/>
  </testcase> <!-- @BeforeMethod openBrowser -->
  <testcase classname="tests.Base" name="@AfterMethod tearDown" time="-1.643036836786E9">
    <skipped/>
  </testcase> <!-- @AfterMethod tearDown -->
  <testcase classname="tests.Base" name="@BeforeMethod openBrowser" time="-1.643036836787E9">
    <skipped/>
  </testcase> <!-- @BeforeMethod openBrowser -->
  <testcase classname="tests.Base" name="@AfterMethod tearDown" time="-1.643036836788E9">
    <skipped/>
  </testcase> <!-- @AfterMethod tearDown -->
  <testcase classname="tests.Base" name="@BeforeMethod openBrowser" time="-1.643036836789E9">
    <skipped/>
  </testcase> <!-- @BeforeMethod openBrowser -->
  <testcase classname="tests.Base" name="@AfterMethod tearDown" time="-1.64303683679E9">
    <skipped/>
  </testcase> <!-- @AfterMethod tearDown -->
  <testcase classname="tests.Base" name="@BeforeMethod openBrowser" time="-1.643036836791E9">
    <skipped/>
  </testcase> <!-- @BeforeMethod openBrowser -->
  <testcase classname="tests.Base" name="@AfterMethod tearDown" time="-1.643036836792E9">
    <skipped/>
  </testcase> <!-- @AfterMethod tearDown -->
  <testcase classname="tests.Base" name="@BeforeMethod openBrowser" time="-1.643036836792E9">
    <skipped/>
  </testcase> <!-- @BeforeMethod openBrowser -->
  <testcase classname="tests.Base" name="@AfterMethod tearDown" time="-1.643036836793E9">
    <skipped/>
  </testcase> <!-- @AfterMethod tearDown -->
  <testcase classname="tests.Base" name="@BeforeMethod openBrowser" time="-1.643036836794E9">
    <skipped/>
  </testcase> <!-- @BeforeMethod openBrowser -->
  <testcase classname="tests.Base" name="@AfterMethod tearDown" time="-1.643036836795E9">
    <skipped/>
  </testcase> <!-- @AfterMethod tearDown -->
  <testcase classname="tests.Base" name="@BeforeMethod openBrowser" time="-1.643036836795E9">
    <skipped/>
  </testcase> <!-- @BeforeMethod openBrowser -->
  <testcase classname="tests.Base" name="@AfterMethod tearDown" time="-1.643036836796E9">
    <skipped/>
  </testcase> <!-- @AfterMethod tearDown -->
  <testcase classname="tests.Base" name="@BeforeMethod openBrowser" time="-1.643036836797E9">
    <skipped/>
  </testcase> <!-- @BeforeMethod openBrowser -->
  <testcase classname="tests.Base" name="@AfterMethod tearDown" time="-1.643036836797E9">
    <skipped/>
  </testcase> <!-- @AfterMethod tearDown -->
  <testcase classname="tests.Base" name="@BeforeMethod openBrowser" time="-1.643036836798E9">
    <skipped/>
  </testcase> <!-- @BeforeMethod openBrowser -->
  <testcase classname="tests.Base" name="@AfterMethod tearDown" time="-1.643036836799E9">
    <skipped/>
  </testcase> <!-- @AfterMethod tearDown -->
  <testcase classname="tests.Base" name="@BeforeMethod openBrowser" time="-1.643036836799E9">
    <skipped/>
  </testcase> <!-- @BeforeMethod openBrowser -->
  <testcase classname="tests.Base" name="@AfterMethod tearDown" time="-1.6430368368E9">
    <skipped/>
  </testcase> <!-- @AfterMethod tearDown -->
  <testcase classname="tests.Base" name="@BeforeMethod openBrowser" time="-1.643036836801E9">
    <skipped/>
  </testcase> <!-- @BeforeMethod openBrowser -->
  <testcase classname="tests.Base" name="@AfterMethod tearDown" time="-1.643036836802E9">
    <skipped/>
  </testcase> <!-- @AfterMethod tearDown -->
  <testcase classname="tests.Base" name="@BeforeMethod openBrowser" time="-1.643036836803E9">
    <skipped/>
  </testcase> <!-- @BeforeMethod openBrowser -->
  <testcase classname="tests.Base" name="@AfterMethod tearDown" time="-1.643036836804E9">
    <skipped/>
  </testcase> <!-- @AfterMethod tearDown -->
  <testcase classname="tests.Base" name="@BeforeMethod openBrowser" time="-1.643036836804E9">
    <skipped/>
  </testcase> <!-- @BeforeMethod openBrowser -->
  <testcase classname="tests.Base" name="@AfterMethod tearDown" time="-1.643036836805E9">
    <skipped/>
  </testcase> <!-- @AfterMethod tearDown -->
  <testcase classname="tests.Base" name="@BeforeMethod openBrowser" time="-1.643036836806E9">
    <skipped/>
  </testcase> <!-- @BeforeMethod openBrowser -->
  <testcase classname="tests.Base" name="@AfterMethod tearDown" time="-1.643036836807E9">
    <skipped/>
  </testcase> <!-- @AfterMethod tearDown -->
  <testcase classname="tests.Base" name="@BeforeMethod openBrowser" time="-1.643036836808E9">
    <skipped/>
  </testcase> <!-- @BeforeMethod openBrowser -->
  <testcase classname="tests.Base" name="@AfterMethod tearDown" time="-1.643036836809E9">
    <skipped/>
  </testcase> <!-- @AfterMethod tearDown -->
  <testcase classname="tests.Base" name="@BeforeMethod openBrowser" time="-1.64303683681E9">
    <skipped/>
  </testcase> <!-- @BeforeMethod openBrowser -->
  <testcase classname="tests.Base" name="@AfterMethod tearDown" time="-1.643036836811E9">
    <skipped/>
  </testcase> <!-- @AfterMethod tearDown -->
  <testcase classname="tests.Base" name="@BeforeMethod openBrowser" time="-1.643036836811E9">
    <skipped/>
  </testcase> <!-- @BeforeMethod openBrowser -->
  <testcase classname="tests.Base" name="@AfterMethod tearDown" time="-1.643036836812E9">
    <skipped/>
  </testcase> <!-- @AfterMethod tearDown -->
  <testcase classname="tests.Base" name="@BeforeMethod openBrowser" time="-1.643036836813E9">
    <skipped/>
  </testcase> <!-- @BeforeMethod openBrowser -->
  <testcase classname="tests.Base" name="@AfterMethod tearDown" time="-1.643036836814E9">
    <skipped/>
  </testcase> <!-- @AfterMethod tearDown -->
  <testcase classname="tests.Base" name="@BeforeMethod openBrowser" time="-1.643036836814E9">
    <skipped/>
  </testcase> <!-- @BeforeMethod openBrowser -->
  <testcase classname="tests.Base" name="@AfterMethod tearDown" time="-1.643036836815E9">
    <skipped/>
  </testcase> <!-- @AfterMethod tearDown -->
  <testcase classname="tests.Base" name="@BeforeMethod openBrowser" time="-1.643036836816E9">
    <skipped/>
  </testcase> <!-- @BeforeMethod openBrowser -->
  <testcase classname="tests.Base" name="@AfterMethod tearDown" time="-1.643036836817E9">
    <skipped/>
  </testcase> <!-- @AfterMethod tearDown -->
  <testcase classname="tests.Base" name="@BeforeMethod openBrowser" time="-1.643036836817E9">
    <skipped/>
  </testcase> <!-- @BeforeMethod openBrowser -->
  <testcase classname="tests.Base" name="@AfterMethod tearDown" time="-1.643036836818E9">
    <skipped/>
  </testcase> <!-- @AfterMethod tearDown -->
  <testcase classname="tests.Base" name="@BeforeMethod openBrowser" time="-1.643036836819E9">
    <skipped/>
  </testcase> <!-- @BeforeMethod openBrowser -->
  <testcase classname="tests.Base" name="@AfterMethod tearDown" time="-1.64303683682E9">
    <skipped/>
  </testcase> <!-- @AfterMethod tearDown -->
  <testcase classname="extentReport.ExtentReport" name="@AfterTest tearDown" time="-1.64303683682E9">
    <skipped/>
  </testcase> <!-- @AfterTest tearDown -->
  <testcase classname="tests.RegistrationErrorsTest" name="openRegPage" time="0.0">
    <skipped/>
  </testcase> <!-- openRegPage -->
  <testcase classname="tests.RegistrationErrorsTest" name="userAlreadyExists" time="0.0">
    <skipped/>
  </testcase> <!-- userAlreadyExists -->
  <testcase classname="tests.RegistrationErrorsTest" name="notMatchingPass" time="0.0">
    <skipped/>
  </testcase> <!-- notMatchingPass -->
  <testcase classname="tests.RegistrationErrorsTest" name="shortPass" time="0.0">
    <skipped/>
  </testcase> <!-- shortPass -->
  <testcase classname="tests.RegistrationErrorsTest" name="invalidEmail" time="0.0">
    <skipped/>
  </testcase> <!-- invalidEmail -->
  <testcase classname="tests.RegistrationErrorsTest" name="aler" time="0.0">
    <skipped/>
  </testcase> <!-- aler -->
  <testcase classname="tests.ConnectionsTest" name="openProfilePage" time="0.0">
    <skipped/>
  </testcase> <!-- openProfilePage -->
  <testcase classname="tests.ConnectionsTest" name="addFriend" time="0.0">
    <skipped/>
  </testcase> <!-- addFriend -->
  <testcase classname="tests.ConnectionsTest" name="removeFriend" time="0.0">
    <skipped/>
  </testcase> <!-- removeFriend -->
  <testcase classname="tests.ValidRegistrationTest" name="openRegPage" time="0.0">
    <skipped/>
  </testcase> <!-- openRegPage -->
  <testcase classname="tests.ValidRegistrationTest" name="assertPageNavigated" time="0.0">
    <skipped/>
  </testcase> <!-- assertPageNavigated -->
  <testcase classname="tests.ValidRegistrationTest" name="validRegistrtion" time="0.0">
    <skipped/>
  </testcase> <!-- validRegistrtion -->
  <testcase classname="tests.EditProfileTest" name="openprofilePage" time="0.0">
    <skipped/>
  </testcase> <!-- openprofilePage -->
  <testcase classname="tests.EditProfileTest" name="editProfile" time="0.0">
    <skipped/>
  </testcase> <!-- editProfile -->
  <testcase classname="tests.EditProfileTest" name="threeLetterFirstName" time="0.0">
    <skipped/>
  </testcase> <!-- threeLetterFirstName -->
  <testcase classname="tests.EditProfileTest" name="threeLetterLasttName" time="0.0">
    <skipped/>
  </testcase> <!-- threeLetterLasttName -->
  <testcase classname="tests.EditProfileTest" name="birthDayFuture" time="0.0">
    <skipped/>
  </testcase> <!-- birthDayFuture -->
  <testcase classname="tests.EditProfileTest" name="longFirstName" time="0.0">
    <skipped/>
  </testcase> <!-- longFirstName -->
  <testcase classname="tests.EditProfileTest" name="changeProfession" time="0.0">
    <skipped/>
  </testcase> <!-- changeProfession -->
  <testcase classname="tests.EditProfileTest" name="uploadPhoto" time="0.0">
    <skipped/>
  </testcase> <!-- uploadPhoto -->
  <testcase classname="tests.EditProfileTest" name="invalidAveilability" time="0.0">
    <skipped/>
  </testcase> <!-- invalidAveilability -->
  <testcase classname="tests.EditProfileTest" name="uploadPrivatePhoto" time="0.0">
    <skipped/>
  </testcase> <!-- uploadPrivatePhoto -->
  <testcase classname="tests.EditProfileTest" name="updateServices" time="0.0">
    <skipped/>
  </testcase> <!-- updateServices -->
  <testcase classname="tests.EditProfileTest" name="uploadImgMoreThanOneMb" time="0.0">
    <skipped/>
  </testcase> <!-- uploadImgMoreThanOneMb -->
  <testcase classname="tests.EditProfileTest" name="nonLeapYear" time="0.0">
    <skipped/>
  </testcase> <!-- nonLeapYear -->
  <testcase classname="tests.PostsTest" name="openProfilePage" time="0.0">
    <skipped/>
  </testcase> <!-- openProfilePage -->
  <testcase classname="tests.PostsTest" name="viewPost" time="0.0">
    <skipped/>
  </testcase> <!-- viewPost -->
  <testcase classname="tests.PostsTest" name="addPost" time="0.0">
    <skipped/>
  </testcase> <!-- addPost -->
  <testcase classname="tests.PostsTest" name="editPost" time="0.0">
    <skipped/>
  </testcase> <!-- editPost -->
  <testcase classname="tests.PostsTest" name="deletePost" time="0.0">
    <skipped/>
  </testcase> <!-- deletePost -->
  <testcase classname="tests.SignInTest" name="openRegPage" time="0.0">
    <skipped/>
  </testcase> <!-- openRegPage -->
  <testcase classname="tests.SignInTest" name="SignIn" time="0.0">
    <skipped/>
  </testcase> <!-- SignIn -->
  <testcase classname="tests.SearchTest" name="openProfilePage" time="0.0">
    <skipped/>
  </testcase> <!-- openProfilePage -->
  <testcase classname="tests.SearchTest" name="searchUser" time="0.0">
    <skipped/>
  </testcase> <!-- searchUser -->
  <testcase classname="tests.SearchTest" name="searchUserByPartialName" time="0.0">
    <skipped/>
  </testcase> <!-- searchUserByPartialName -->
  <testcase classname="tests.SearchTest" name="searchByProfesion" time="0.0">
    <skipped/>
  </testcase> <!-- searchByProfesion -->
  <testcase classname="tests.SearchTest" name="searchAllUsers" time="0.0">
    <skipped/>
  </testcase> <!-- searchAllUsers -->
  <testcase classname="tests.SearchTest" name="searchNonExistingUser" time="0.0">
    <skipped/>
  </testcase> <!-- searchNonExistingUser -->
  <testcase classname="tests.SearchTest" name="nonExistingProfesion" time="0.0">
    <skipped/>
  </testcase> <!-- nonExistingProfesion -->
</testsuite> <!-- Test -->
