<?xml version="1.0" encoding="UTF-8"?>
<!-- Generated by org.testng.reporters.JUnitXMLReporter -->
<testsuite ignored="0" hostname="DESKTOP-7FEKK0Q" failures="0" tests="3" name="ValidRegistrationTest" time="2.013" errors="0" timestamp="2021-12-17T16:20:54 EET">
  <testcase classname="tests.Base" name="@BeforeTest openBrowser" time="1.995">
    <failure type="java.lang.InterruptedException" message="Browser is not correct">
      <![CDATA[java.lang.InterruptedException: Browser is not correct
at tests.Base.openBrowser(Base.java:57)
... Removed 24 stack frames]]>
    </failure>
  </testcase> <!-- @BeforeTest openBrowser -->
  <testcase classname="tests.Base" name="@AfterTest closeBrowser" time="-1.639750854933E9">
    <skipped/>
  </testcase> <!-- @AfterTest closeBrowser -->
  <testcase classname="tests.ValidRegistrationTest" name="openRegPage" time="0.0">
    <skipped/>
  </testcase> <!-- openRegPage -->
  <testcase classname="tests.ValidRegistrationTest" name="assertPageNavigated" time="0.0">
    <skipped/>
  </testcase> <!-- assertPageNavigated -->
  <testcase classname="tests.ValidRegistrationTest" name="validRegistrtion" time="0.0">
    <skipped/>
  </testcase> <!-- validRegistrtion -->
</testsuite> <!-- ValidRegistrationTest -->
