<?xml version="1.0" encoding="UTF-8"?>
<testng-results ignored="0" total="13" passed="13" failed="0" skipped="0">
  <reporter-output>
  </reporter-output>
  <suite started-at="2022-01-29T14:58:17 EET" name="Default suite" finished-at="2022-01-29T14:58:35 EET" duration-ms="18445">
    <groups>
    </groups>
    <test started-at="2022-01-29T14:58:17 EET" name="Default test" finished-at="2022-01-29T14:58:35 EET" duration-ms="18445">
      <class name="tests.EditProfileTest">
        <test-method is-config="true" signature="openBrowser()[pri:0, instance:tests.EditProfileTest@5e82df6a]" started-at="2022-01-29T14:58:17 EET" name="openBrowser" finished-at="2022-01-29T14:58:18 EET" duration-ms="1481" status="PASS">
          <reporter-output>
          </reporter-output>
        </test-method> <!-- openBrowser -->
        <test-method signature="openprofilePage()[pri:1, instance:tests.EditProfileTest@5e82df6a]" started-at="2022-01-29T14:58:18 EET" name="openprofilePage" finished-at="2022-01-29T14:58:19 EET" duration-ms="1170" status="PASS">
          <reporter-output>
          </reporter-output>
        </test-method> <!-- openprofilePage -->
        <test-method signature="editProfile()[pri:3, instance:tests.EditProfileTest@5e82df6a]" started-at="2022-01-29T14:58:19 EET" name="editProfile" finished-at="2022-01-29T14:58:21 EET" duration-ms="1511" status="PASS">
          <reporter-output>
          </reporter-output>
        </test-method> <!-- editProfile -->
        <test-method signature="threeLetterFirstName()[pri:4, instance:tests.EditProfileTest@5e82df6a]" started-at="2022-01-29T14:58:21 EET" name="threeLetterFirstName" finished-at="2022-01-29T14:58:22 EET" duration-ms="1523" status="PASS">
          <reporter-output>
          </reporter-output>
        </test-method> <!-- threeLetterFirstName -->
        <test-method signature="threeLetterLasttName()[pri:5, instance:tests.EditProfileTest@5e82df6a]" started-at="2022-01-29T14:58:22 EET" name="threeLetterLasttName" finished-at="2022-01-29T14:58:24 EET" duration-ms="1425" status="PASS">
          <reporter-output>
          </reporter-output>
        </test-method> <!-- threeLetterLasttName -->
        <test-method signature="birthDayFuture()[pri:6, instance:tests.EditProfileTest@5e82df6a]" started-at="2022-01-29T14:58:24 EET" name="birthDayFuture" finished-at="2022-01-29T14:58:25 EET" duration-ms="1433" status="PASS">
          <reporter-output>
          </reporter-output>
        </test-method> <!-- birthDayFuture -->
        <test-method signature="longFirstName()[pri:7, instance:tests.EditProfileTest@5e82df6a]" started-at="2022-01-29T14:58:25 EET" name="longFirstName" finished-at="2022-01-29T14:58:27 EET" duration-ms="1448" status="PASS">
          <reporter-output>
          </reporter-output>
        </test-method> <!-- longFirstName -->
        <test-method signature="changeProfession()[pri:9, instance:tests.EditProfileTest@5e82df6a]" started-at="2022-01-29T14:58:27 EET" name="changeProfession" finished-at="2022-01-29T14:58:28 EET" duration-ms="1251" status="PASS">
          <reporter-output>
          </reporter-output>
        </test-method> <!-- changeProfession -->
        <test-method signature="uploadPhoto()[pri:10, instance:tests.EditProfileTest@5e82df6a]" started-at="2022-01-29T14:58:28 EET" name="uploadPhoto" finished-at="2022-01-29T14:58:29 EET" duration-ms="1337" status="PASS">
          <reporter-output>
          </reporter-output>
        </test-method> <!-- uploadPhoto -->
        <test-method signature="invalidAveilability()[pri:11, instance:tests.EditProfileTest@5e82df6a]" started-at="2022-01-29T14:58:29 EET" name="invalidAveilability" finished-at="2022-01-29T14:58:30 EET" duration-ms="1187" status="PASS">
          <reporter-output>
          </reporter-output>
        </test-method> <!-- invalidAveilability -->
        <test-method signature="uploadPrivatePhoto()[pri:12, instance:tests.EditProfileTest@5e82df6a]" started-at="2022-01-29T14:58:30 EET" name="uploadPrivatePhoto" finished-at="2022-01-29T14:58:31 EET" duration-ms="961" status="PASS">
          <reporter-output>
          </reporter-output>
        </test-method> <!-- uploadPrivatePhoto -->
        <test-method signature="updateServices()[pri:13, instance:tests.EditProfileTest@5e82df6a]" started-at="2022-01-29T14:58:31 EET" name="updateServices" finished-at="2022-01-29T14:58:33 EET" duration-ms="1297" status="PASS">
          <reporter-output>
          </reporter-output>
        </test-method> <!-- updateServices -->
        <test-method signature="uploadImgMoreThanOneMb()[pri:14, instance:tests.EditProfileTest@5e82df6a]" started-at="2022-01-29T14:58:33 EET" name="uploadImgMoreThanOneMb" finished-at="2022-01-29T14:58:34 EET" duration-ms="946" status="PASS">
          <reporter-output>
          </reporter-output>
        </test-method> <!-- uploadImgMoreThanOneMb -->
        <test-method signature="nonLeapYear()[pri:15, instance:tests.EditProfileTest@5e82df6a]" started-at="2022-01-29T14:58:34 EET" name="nonLeapYear" finished-at="2022-01-29T14:58:35 EET" duration-ms="1410" status="PASS">
          <reporter-output>
          </reporter-output>
        </test-method> <!-- nonLeapYear -->
        <test-method is-config="true" signature="tearDown()[pri:0, instance:tests.EditProfileTest@5e82df6a]" started-at="2022-01-29T14:58:35 EET" name="tearDown" finished-at="2022-01-29T14:58:35 EET" duration-ms="37" status="PASS">
          <reporter-output>
          </reporter-output>
        </test-method> <!-- tearDown -->
      </class> <!-- tests.EditProfileTest -->
    </test> <!-- Default test -->
  </suite> <!-- Default suite -->
</testng-results>
