<?xml version="1.0" encoding="UTF-8"?>
<!-- Generated by org.testng.reporters.JUnitXMLReporter -->
<testsuite ignored="10" hostname="DESKTOP-7FEKK0Q" failures="0" tests="36" name="FirefoxTest" time="3.046" errors="0" timestamp="2022-01-24T17:54:11 EET">
  <testcase classname="tests.Base" name="@BeforeTest openBrowser" time="3.01">
    <failure type="java.lang.NullPointerException" message="null value in entry: url=null">
      <![CDATA[java.lang.NullPointerException: null value in entry: url=null
at com.google.common.collect.CollectPreconditions.checkEntryNotNull(CollectPreconditions.java:32)
at com.google.common.collect.SingletonImmutableBiMap.<init>(SingletonImmutableBiMap.java:42)
at com.google.common.collect.ImmutableBiMap.of(ImmutableBiMap.java:70)
at com.google.common.collect.ImmutableMap.of(ImmutableMap.java:123)
at org.openqa.selenium.remote.RemoteWebDriver.get(RemoteWebDriver.java:271)
at tests.Base.openBrowser(Base.java:68)
at java.base/java.util.concurrent.FutureTask.run(FutureTask.java:264)
at java.base/java.util.concurrent.ThreadPoolExecutor.runWorker(ThreadPoolExecutor.java:1130)
at java.base/java.util.concurrent.ThreadPoolExecutor$Worker.run(ThreadPoolExecutor.java:630)
at java.base/java.lang.Thread.run(Thread.java:831)
... Removed 15 stack frames]]>
    </failure>
  </testcase> <!-- @BeforeTest openBrowser -->
  <testcase classname="tests.Base" name="@AfterTest tearDown" time="-1.643039651061E9">
    <skipped/>
  </testcase> <!-- @AfterTest tearDown -->
  <testcase classname="tests.SearchTest" name="openProfilePage" time="0.0">
    <skipped/>
  </testcase> <!-- openProfilePage -->
  <testcase classname="tests.ConnectionsTest" name="openProfilePage" time="0.0">
    <skipped/>
  </testcase> <!-- openProfilePage -->
  <testcase classname="tests.PostsTest" name="openProfilePage" time="0.0">
    <skipped/>
  </testcase> <!-- openProfilePage -->
  <testcase classname="tests.SignInTest" name="openRegPage" time="0.0">
    <skipped/>
  </testcase> <!-- openRegPage -->
  <testcase classname="tests.RegistrationErrorsTest" name="openRegPage" time="0.0">
    <skipped/>
  </testcase> <!-- openRegPage -->
  <testcase classname="tests.EditProfileTest" name="openprofilePage" time="0.0">
    <skipped/>
  </testcase> <!-- openprofilePage -->
  <testcase classname="tests.SearchTest" name="searchUser" time="0.0">
    <skipped/>
  </testcase> <!-- searchUser -->
  <testcase classname="tests.SignInTest" name="SignIn" time="0.0">
    <skipped/>
  </testcase> <!-- SignIn -->
  <testcase classname="tests.ConnectionsTest" name="addFriend" time="0.0">
    <skipped/>
  </testcase> <!-- addFriend -->
  <testcase classname="tests.SearchTest" name="searchUserByPartialName" time="0.0">
    <skipped/>
  </testcase> <!-- searchUserByPartialName -->
  <testcase classname="tests.PostsTest" name="viewPost" time="0.0">
    <skipped/>
  </testcase> <!-- viewPost -->
  <testcase classname="tests.PostsTest" name="addPost" time="0.0">
    <skipped/>
  </testcase> <!-- addPost -->
  <testcase classname="tests.EditProfileTest" name="editProfile" time="0.0">
    <skipped/>
  </testcase> <!-- editProfile -->
  <testcase classname="tests.ConnectionsTest" name="removeFriend" time="0.0">
    <skipped/>
  </testcase> <!-- removeFriend -->
  <testcase classname="tests.SearchTest" name="searchByProfesion" time="0.0">
    <skipped/>
  </testcase> <!-- searchByProfesion -->
  <testcase classname="tests.RegistrationErrorsTest" name="userAlreadyExists" time="0.0">
    <skipped/>
  </testcase> <!-- userAlreadyExists -->
  <testcase classname="tests.PostsTest" name="editPost" time="0.0">
    <skipped/>
  </testcase> <!-- editPost -->
  <testcase classname="tests.RegistrationErrorsTest" name="notMatchingPass" time="0.0">
    <skipped/>
  </testcase> <!-- notMatchingPass -->
  <testcase classname="tests.SearchTest" name="searchAllUsers" time="0.0">
    <skipped/>
  </testcase> <!-- searchAllUsers -->
  <testcase classname="tests.EditProfileTest" name="threeLetterFirstName" time="0.0">
    <skipped/>
  </testcase> <!-- threeLetterFirstName -->
  <testcase classname="tests.PostsTest" name="deletePost" time="0.0">
    <skipped/>
  </testcase> <!-- deletePost -->
  <testcase classname="tests.SearchTest" name="searchNonExistingUser" time="0.0">
    <skipped/>
  </testcase> <!-- searchNonExistingUser -->
  <testcase classname="tests.RegistrationErrorsTest" name="shortPass" time="0.001">
    <skipped/>
  </testcase> <!-- shortPass -->
  <testcase classname="tests.EditProfileTest" name="threeLetterLasttName" time="0.0">
    <skipped/>
  </testcase> <!-- threeLetterLasttName -->
  <testcase classname="tests.EditProfileTest" name="birthDayFuture" time="0.0">
    <skipped/>
  </testcase> <!-- birthDayFuture -->
  <testcase classname="tests.RegistrationErrorsTest" name="invalidEmail" time="0.0">
    <skipped/>
  </testcase> <!-- invalidEmail -->
  <testcase classname="tests.SearchTest" name="nonExistingProfesion" time="0.0">
    <skipped/>
  </testcase> <!-- nonExistingProfesion -->
  <testcase classname="tests.RegistrationErrorsTest" name="aler" time="0.0">
    <skipped/>
  </testcase> <!-- aler -->
  <testcase classname="tests.EditProfileTest" name="longFirstName" time="0.0">
    <skipped/>
  </testcase> <!-- longFirstName -->
  <testcase classname="tests.EditProfileTest" name="changeProfession" time="0.0">
    <skipped/>
  </testcase> <!-- changeProfession -->
  <testcase classname="tests.EditProfileTest" name="uploadPhoto" time="0.0">
    <skipped/>
  </testcase> <!-- uploadPhoto -->
  <testcase classname="tests.EditProfileTest" name="invalidAveilability" time="0.0">
    <skipped/>
  </testcase> <!-- invalidAveilability -->
  <testcase classname="tests.EditProfileTest" name="uploadPrivatePhoto" time="0.0">
    <skipped/>
  </testcase> <!-- uploadPrivatePhoto -->
  <testcase classname="tests.EditProfileTest" name="updateServices" time="0.0">
    <skipped/>
  </testcase> <!-- updateServices -->
  <testcase classname="tests.EditProfileTest" name="uploadImgMoreThanOneMb" time="0.0">
    <skipped/>
  </testcase> <!-- uploadImgMoreThanOneMb -->
  <testcase classname="tests.EditProfileTest" name="nonLeapYear" time="0.0">
    <skipped/>
  </testcase> <!-- nonLeapYear -->
  <testcase classname="tests.Base" name="@AfterTest tearDown" time="0.0">
    <ignored/>
  </testcase> <!-- @AfterTest tearDown -->
  <testcase classname="tests.Base" name="@AfterTest tearDown" time="0.0">
    <ignored/>
  </testcase> <!-- @AfterTest tearDown -->
  <testcase classname="tests.Base" name="@AfterTest tearDown" time="0.0">
    <ignored/>
  </testcase> <!-- @AfterTest tearDown -->
  <testcase classname="tests.Base" name="@AfterTest tearDown" time="0.0">
    <ignored/>
  </testcase> <!-- @AfterTest tearDown -->
  <testcase classname="tests.Base" name="@AfterTest tearDown" time="0.0">
    <ignored/>
  </testcase> <!-- @AfterTest tearDown -->
  <testcase classname="tests.Base" name="@BeforeTest openBrowser" time="0.0">
    <ignored/>
  </testcase> <!-- @BeforeTest openBrowser -->
  <testcase classname="tests.Base" name="@BeforeTest openBrowser" time="0.0">
    <ignored/>
  </testcase> <!-- @BeforeTest openBrowser -->
  <testcase classname="tests.Base" name="@BeforeTest openBrowser" time="0.0">
    <ignored/>
  </testcase> <!-- @BeforeTest openBrowser -->
  <testcase classname="tests.Base" name="@BeforeTest openBrowser" time="0.0">
    <ignored/>
  </testcase> <!-- @BeforeTest openBrowser -->
  <testcase classname="tests.Base" name="@BeforeTest openBrowser" time="0.0">
    <ignored/>
  </testcase> <!-- @BeforeTest openBrowser -->
</testsuite> <!-- FirefoxTest -->
